["2024-01-28T14:38:54.995", "DEBUG", "uaclient.config", "parse_config", 644, "Using client configuration file at /etc/ubuntu-advantage/uaclient.conf", {}]
["2024-01-28T14:38:54.996", "DEBUG", "root", "load_file", 452, "Reading file: /etc/ubuntu-advantage/uaclient.conf", {}]
["2024-01-28T14:38:55.003", "DEBUG", "root", "load_file", 452, "Reading file: /var/lib/ubuntu-advantage/user-config.json", {}]
["2024-01-28T14:38:55.005", "DEBUG", "uaclient.files.files", "read", 55, "File does not exist: /var/lib/ubuntu-advantage/user-config.json", {}]
["2024-01-28T14:38:55.031", "DEBUG", "root", "configure_web_proxy", 288, "Setting no_proxy: 169.254.169.254,[fd00:ec2::254],metadata", {}]
["2024-01-28T14:38:55.033", "DEBUG", "root", "main", 2042, "Executed with sys.argv: ['/bin/ua', 'api', 'u.pro.attach.magic.initiate.v1']", {}]
["2024-01-28T14:38:55.034", "DEBUG", "root", "readurl", 311, "URL [POST]: https://contracts.canonical.com/v1/magic-attach, headers: {'accept': 'application/json', 'content-type': 'application/json', 'user-agent': 'UA-Client/28.1~22.04'}, data: None", {}]
["2024-01-28T14:38:55.716", "DEBUG", "root", "readurl", 340, "URL [POST] response: https://contracts.canonical.com/v1/magic-attach, headers: {'accept-ranges': 'bytes', 'cache-control': 'no-store, max-age=0', 'connection': 'close', 'content-length': '115', 'content-type': 'application/json', 'date': 'Sun, 28 Jan 2024 19:38:55 GMT', 'server': 'nginx/1.18.0 (Ubuntu)', 'strict-transport-security': 'max-age=15724800; includeSubDomains', 'x-cache-status': 'from content-cache-il3/0', 'x-trace-id': 'f4195719-4e19-418c-bfca-2b97d05f5c55'}, data: {'expires': datetime.datetime(2024, 1, 28, 19, 48, 55, tzinfo=datetime.timezone.utc), 'expiresIn': 600, 'token': '<REDACTED>', 'userCode': '<REDACTED>'}", {}]
["2024-01-28T14:38:55.882", "DEBUG", "root", "_subp", 581, "Ran cmd: apt-cache policy ubuntu-advantage-tools, rc: 0 stderr: b''", {}]
["2024-01-28T14:38:56.325", "DEBUG", "uaclient.config", "parse_config", 644, "Using client configuration file at /etc/ubuntu-advantage/uaclient.conf", {}]
["2024-01-28T14:38:56.325", "DEBUG", "root", "load_file", 452, "Reading file: /etc/ubuntu-advantage/uaclient.conf", {}]
["2024-01-28T14:38:56.331", "DEBUG", "root", "load_file", 452, "Reading file: /var/lib/ubuntu-advantage/user-config.json", {}]
["2024-01-28T14:38:56.331", "DEBUG", "uaclient.files.files", "read", 55, "File does not exist: /var/lib/ubuntu-advantage/user-config.json", {}]
["2024-01-28T14:38:56.346", "DEBUG", "root", "configure_web_proxy", 288, "Setting no_proxy: 169.254.169.254,[fd00:ec2::254],metadata", {}]
["2024-01-28T14:38:56.347", "DEBUG", "root", "main", 2042, "Executed with sys.argv: ['/bin/ua', 'api', 'u.pro.attach.magic.wait.v1', '--args', 'magic_token=<REDACTED>']", {}]
["2024-01-28T14:38:56.348", "DEBUG", "root", "readurl", 311, "URL [GET]: https://contracts.canonical.com/v1/magic-attach, headers: {'Authorization': 'Bearer <REDACTED>', 'accept': 'application/json', 'content-type': 'application/json', 'user-agent': 'UA-Client/28.1~22.04'}, data: None", {}]
["2024-01-28T14:38:57.009", "DEBUG", "root", "readurl", 340, "URL [GET] response: https://contracts.canonical.com/v1/magic-attach, headers: {'accept-ranges': 'bytes', 'cache-control': 'no-store, max-age=0', 'connection': 'close', 'content-length': '115', 'content-type': 'application/json', 'date': 'Sun, 28 Jan 2024 19:38:56 GMT', 'server': 'nginx/1.18.0 (Ubuntu)', 'strict-transport-security': 'max-age=15724800; includeSubDomains', 'x-cache-status': 'MISS from content-cache-il3/0', 'x-trace-id': 'eae5331e-cc74-48ba-9c45-20c0472ffe6c'}, data: {'expires': datetime.datetime(2024, 1, 28, 19, 48, 55, tzinfo=datetime.timezone.utc), 'expiresIn': 599, 'token': '<REDACTED>', 'userCode': '<REDACTED>'}", {}]
["2024-01-28T14:39:07.018", "DEBUG", "root", "readurl", 311, "URL [GET]: https://contracts.canonical.com/v1/magic-attach, headers: {'Authorization': 'Bearer <REDACTED>', 'accept': 'application/json', 'content-type': 'application/json', 'user-agent': 'UA-Client/28.1~22.04'}, data: None", {}]
["2024-01-28T14:39:07.479", "DEBUG", "root", "readurl", 340, "URL [GET] response: https://contracts.canonical.com/v1/magic-attach, headers: {'accept-ranges': 'bytes', 'cache-control': 'no-store, max-age=0', 'connection': 'close', 'content-length': '115', 'content-type': 'application/json', 'date': 'Sun, 28 Jan 2024 19:39:07 GMT', 'server': 'nginx/1.18.0 (Ubuntu)', 'strict-transport-security': 'max-age=15724800; includeSubDomains', 'x-cache-status': 'MISS from content-cache-il3/0', 'x-trace-id': 'a3dcf9e6-98e7-443f-97c6-8bafba385817'}, data: {'expires': datetime.datetime(2024, 1, 28, 19, 48, 55, tzinfo=datetime.timezone.utc), 'expiresIn': 589, 'token': '<REDACTED>', 'userCode': '<REDACTED>'}", {}]
["2024-01-28T14:39:17.490", "DEBUG", "root", "readurl", 311, "URL [GET]: https://contracts.canonical.com/v1/magic-attach, headers: {'Authorization': 'Bearer <REDACTED>', 'accept': 'application/json', 'content-type': 'application/json', 'user-agent': 'UA-Client/28.1~22.04'}, data: None", {}]
["2024-01-28T14:39:17.867", "DEBUG", "root", "readurl", 340, "URL [GET] response: https://contracts.canonical.com/v1/magic-attach, headers: {'accept-ranges': 'bytes', 'cache-control': 'no-store, max-age=0', 'connection': 'close', 'content-length': '115', 'content-type': 'application/json', 'date': 'Sun, 28 Jan 2024 19:39:17 GMT', 'server': 'nginx/1.18.0 (Ubuntu)', 'strict-transport-security': 'max-age=15724800; includeSubDomains', 'x-cache-status': 'MISS from content-cache-il3/1', 'x-trace-id': 'a51ed13c-37c7-4c39-a277-66f45189c5af'}, data: {'expires': datetime.datetime(2024, 1, 28, 19, 48, 55, tzinfo=datetime.timezone.utc), 'expiresIn': 578, 'token': '<REDACTED>', 'userCode': '<REDACTED>'}", {}]
